<?xml version="1.0" encoding="UTF-8"?>
<testsuites name="My Worklist" time="47.568" tests="1" failures="0" errors="1">
   <testsuite name="My Worklist" tests="1" failures="0" errors="1" time="47.568" skipped="0" timestamp="2022-08-05 10:31:59" hostname="juzcategui - juzcategui" id="Test Suites/My Worklist">
      <properties>
         <property name="deviceName" value=""/>
         <property name="devicePlatform" value=""/>
         <property name="logFolder" value="/home/juzcategui/git/DIMS/Reports/20220805_103155/My Worklist/20220805_103155"/>
         <property name="logFiles" value="/home/juzcategui/git/DIMS/Reports/20220805_103155/My Worklist/20220805_103155/execution0.log"/>
         <property name="attachments" value=""/>
         <property name="hostName" value="juzcategui - juzcategui"/>
         <property name="os" value="Linux 64bit"/>
         <property name="katalonVersion" value="8.2.5.208"/>
         <property name="browser" value="Chrome 102.0.5005.115"/>
         <property name="hostAddress" value="192.168.12.200"/>
         <property name="sessionId" value="3419a5295dedeed79dcc3f66aa6011b3"/>
         <property name="seleniumVersion" value="3.141.59"/>
         <property name="proxyInformation" value="ProxyInformation { proxyOption=NO_PROXY, proxyServerType=HTTP, username=, password=********, proxyServerAddress=, proxyServerPort=0, executionList=&quot;&quot;, isApplyToDesiredCapabilities=true }"/>
         <property name="platform" value="Linux"/>
      </properties>
      <testcase name="Test Cases/Filter My Worklist" time="46.985" classname="Test Cases/Filter My Worklist" status="ERROR">
         <error type="ERROR" message="Test Cases/Filter My Worklist FAILED.
Reason:
groovy.lang.MissingMethodException: No signature of method: static com.kms.katalon.core.testobject.ObjectRepository.findTestObject() is applicable for argument types: (java.lang.String, java.util.ArrayList) values: [debt ims R/Page_Debt IMS/Page_Debt IMS/span_today, [5]]
Possible solutions: findTestObject(java.lang.String), findTestObject(java.lang.String, java.util.Map), findRequestObject(java.lang.String, java.io.File)
	at Filter My Worklist.run(Filter My Worklist:53)
	at com.kms.katalon.core.main.ScriptEngine.run(ScriptEngine.java:194)
	at com.kms.katalon.core.main.ScriptEngine.runScriptAsRawText(ScriptEngine.java:119)
	at com.kms.katalon.core.main.TestCaseExecutor.runScript(TestCaseExecutor.java:442)
	at com.kms.katalon.core.main.TestCaseExecutor.doExecute(TestCaseExecutor.java:433)
	at com.kms.katalon.core.main.TestCaseExecutor.processExecutionPhase(TestCaseExecutor.java:412)
	at com.kms.katalon.core.main.TestCaseExecutor.accessMainPhase(TestCaseExecutor.java:404)
	at com.kms.katalon.core.main.TestCaseExecutor.execute(TestCaseExecutor.java:281)
	at com.kms.katalon.core.main.TestSuiteExecutor.accessTestCaseMainPhase(TestSuiteExecutor.java:202)
	at com.kms.katalon.core.main.TestSuiteExecutor.accessTestSuiteMainPhase(TestSuiteExecutor.java:164)
	at com.kms.katalon.core.main.TestSuiteExecutor.execute(TestSuiteExecutor.java:105)
	at com.kms.katalon.core.main.TestCaseMain.startTestSuite(TestCaseMain.java:185)
	at com.kms.katalon.core.main.TestCaseMain$startTestSuite$0.call(Unknown Source)
	at TempTestSuite1659709915825.run(TempTestSuite1659709915825.groovy:36)
"/>
         <system-out><![CDATA[2022-08-05 10:32:00 - [TEST_CASE][ERROR] - Test Cases/Filter My Worklist: Test Cases/Filter My Worklist FAILED.
Reason:
groovy.lang.MissingMethodException: No signature of method: static com.kms.katalon.core.testobject.ObjectRepository.findTestObject() is applicable for argument types: (java.lang.String, java.util.ArrayList) values: [debt ims R/Page_Debt IMS/Page_Debt IMS/span_today, [5]]
Possible solutions: findTestObject(java.lang.String), findTestObject(java.lang.String, java.util.Map), findRequestObject(java.lang.String, java.io.File)
	at Filter My Worklist.run(Filter My Worklist:53)
	at com.kms.katalon.core.main.ScriptEngine.run(ScriptEngine.java:194)
	at com.kms.katalon.core.main.ScriptEngine.runScriptAsRawText(ScriptEngine.java:119)
	at com.kms.katalon.core.main.TestCaseExecutor.runScript(TestCaseExecutor.java:442)
	at com.kms.katalon.core.main.TestCaseExecutor.doExecute(TestCaseExecutor.java:433)
	at com.kms.katalon.core.main.TestCaseExecutor.processExecutionPhase(TestCaseExecutor.java:412)
	at com.kms.katalon.core.main.TestCaseExecutor.accessMainPhase(TestCaseExecutor.java:404)
	at com.kms.katalon.core.main.TestCaseExecutor.execute(TestCaseExecutor.java:281)
	at com.kms.katalon.core.main.TestSuiteExecutor.accessTestCaseMainPhase(TestSuiteExecutor.java:202)
	at com.kms.katalon.core.main.TestSuiteExecutor.accessTestSuiteMainPhase(TestSuiteExecutor.java:164)
	at com.kms.katalon.core.main.TestSuiteExecutor.execute(TestSuiteExecutor.java:105)
	at com.kms.katalon.core.main.TestCaseMain.startTestSuite(TestCaseMain.java:185)
	at com.kms.katalon.core.main.TestCaseMain$startTestSuite$0.call(Unknown Source)
	at TempTestSuite1659709915825.run(TempTestSuite1659709915825.groovy:36)


2022-08-05 10:32:00 - [TEST_STEP][PASSED] - openBrowser(""): Browser is opened with url: ''

2022-08-05 10:32:01 - [MESSAGE][INFO] - Starting 'Chrome' driver

2022-08-05 10:32:01 - [MESSAGE][INFO] - Action delay is set to 0 milliseconds

2022-08-05 10:32:02 - [MESSAGE][PASSED] - Browser is opened with url: ''

2022-08-05 10:32:02 - [TEST_STEP][PASSED] - navigateToUrl("http://35.237.24.127:8081/dims-app/#/home"): Navigate to 'http://35.237.24.127:8081/dims-app/#/home' successfully

2022-08-05 10:32:39 - [MESSAGE][PASSED] - Navigate to 'http://35.237.24.127:8081/dims-app/#/home' successfully

2022-08-05 10:32:39 - [TEST_STEP][PASSED] - setText(findTestObject("Object Repository/Create Lead/input_Username_form-control w-75 ng-untouch_2a886e"), username): Text 'SUPER_USER7' is set on object 'Object Repository/Create Lead/input_Username_form-control w-75 ng-untouch_2a886e'

2022-08-05 10:32:40 - [MESSAGE][PASSED] - Text 'SUPER_USER7' is set on object 'Object Repository/Create Lead/input_Username_form-control w-75 ng-untouch_2a886e'

2022-08-05 10:32:40 - [TEST_STEP][PASSED] - setText(findTestObject("Object Repository/Create Lead/input_Password_form-control w-75 ng-untouch_173c6b"), pass): Text 'Abcd1234**' is set on object 'Object Repository/Create Lead/input_Password_form-control w-75 ng-untouch_173c6b'

2022-08-05 10:32:41 - [MESSAGE][PASSED] - Text 'Abcd1234**' is set on object 'Object Repository/Create Lead/input_Password_form-control w-75 ng-untouch_173c6b'

2022-08-05 10:32:41 - [TEST_STEP][PASSED] - click(findTestObject("Object Repository/Create Lead/button_Login")): Object: 'Object Repository/Create Lead/button_Login' is clicked on

2022-08-05 10:32:43 - [MESSAGE][PASSED] - Object: 'Object Repository/Create Lead/button_Login' is clicked on

2022-08-05 10:32:43 - [TEST_STEP][PASSED] - click(findTestObject("Myworklist(lead status)/Page_Debt IMS/strong_My Tools")): Object: 'Object Repository/Myworklist(lead status)/Page_Debt IMS/strong_My Tools' is clicked on

2022-08-05 10:32:44 - [MESSAGE][PASSED] - Object: 'Object Repository/Myworklist(lead status)/Page_Debt IMS/strong_My Tools' is clicked on

2022-08-05 10:32:44 - [TEST_STEP][PASSED] - click(findTestObject("Myworklist(lead status)/Page_Debt IMS/span_My Worklist")): Object: 'Object Repository/Myworklist(lead status)/Page_Debt IMS/span_My Worklist' is clicked on

2022-08-05 10:32:45 - [MESSAGE][PASSED] - Object: 'Object Repository/Myworklist(lead status)/Page_Debt IMS/span_My Worklist' is clicked on

2022-08-05 10:32:45 - [TEST_STEP][PASSED] - click(findTestObject("Object Repository/Myworklist(lead status)/search ojito add note/Page_Debt IMS/input_From")): Object: 'Object Repository/Myworklist(lead status)/search ojito add note/Page_Debt IMS/input_From' is clicked on

2022-08-05 10:32:46 - [MESSAGE][PASSED] - Object: 'Object Repository/Myworklist(lead status)/search ojito add note/Page_Debt IMS/input_From' is clicked on

2022-08-05 10:32:46 - [TEST_STEP][PASSED] - click(findTestObject("Object Repository/debt ims R/Page_Debt IMS/span_1")): Object: 'Object Repository/debt ims R/Page_Debt IMS/span_1' is clicked on

2022-08-05 10:32:46 - [MESSAGE][PASSED] - Object: 'Object Repository/debt ims R/Page_Debt IMS/span_1' is clicked on

2022-08-05 10:32:46 - [TEST_STEP][PASSED] - click(findTestObject("Object Repository/Myworklist(lead status)/search ojito add note/Page_Debt IMS/input_To_form")): Object: 'Object Repository/Myworklist(lead status)/search ojito add note/Page_Debt IMS/input_To_form' is clicked on

2022-08-05 10:32:46 - [MESSAGE][PASSED] - Object: 'Object Repository/Myworklist(lead status)/search ojito add note/Page_Debt IMS/input_To_form' is clicked on

2022-08-05 10:32:46 - [TEST_STEP][PASSED] - todaysDate = new java.util.Date(): null

2022-08-05 10:32:46 - [TEST_STEP][PASSED] - datetoday = todaysDate.format("d"): null

2022-08-05 10:32:46 - [TEST_STEP][PASSED] - println(datetoday): null

2022-08-05 10:32:46 - [TEST_STEP][ERROR] - click(findTestObject("debt ims R/Page_Debt IMS/Page_Debt IMS/span_today", [datetoday])): Test Cases/Filter My Worklist FAILED.
Reason:
groovy.lang.MissingMethodException: No signature of method: static com.kms.katalon.core.testobject.ObjectRepository.findTestObject() is applicable for argument types: (java.lang.String, java.util.ArrayList) values: [debt ims R/Page_Debt IMS/Page_Debt IMS/span_today, [5]]
Possible solutions: findTestObject(java.lang.String), findTestObject(java.lang.String, java.util.Map), findRequestObject(java.lang.String, java.io.File)
	at Filter My Worklist.run(Filter My Worklist:53)
	at com.kms.katalon.core.main.ScriptEngine.run(ScriptEngine.java:194)
	at com.kms.katalon.core.main.ScriptEngine.runScriptAsRawText(ScriptEngine.java:119)
	at com.kms.katalon.core.main.TestCaseExecutor.runScript(TestCaseExecutor.java:442)
	at com.kms.katalon.core.main.TestCaseExecutor.doExecute(TestCaseExecutor.java:433)
	at com.kms.katalon.core.main.TestCaseExecutor.processExecutionPhase(TestCaseExecutor.java:412)
	at com.kms.katalon.core.main.TestCaseExecutor.accessMainPhase(TestCaseExecutor.java:404)
	at com.kms.katalon.core.main.TestCaseExecutor.execute(TestCaseExecutor.java:281)
	at com.kms.katalon.core.main.TestSuiteExecutor.accessTestCaseMainPhase(TestSuiteExecutor.java:202)
	at com.kms.katalon.core.main.TestSuiteExecutor.accessTestSuiteMainPhase(TestSuiteExecutor.java:164)
	at com.kms.katalon.core.main.TestSuiteExecutor.execute(TestSuiteExecutor.java:105)
	at com.kms.katalon.core.main.TestCaseMain.startTestSuite(TestCaseMain.java:185)
	at com.kms.katalon.core.main.TestCaseMain$startTestSuite$0.call(Unknown Source)
	at TempTestSuite1659709915825.run(TempTestSuite1659709915825.groovy:36)


2022-08-05 10:32:47 - [MESSAGE][ERROR] - Test Cases/Filter My Worklist FAILED.
Reason:
groovy.lang.MissingMethodException: No signature of method: static com.kms.katalon.core.testobject.ObjectRepository.findTestObject() is applicable for argument types: (java.lang.String, java.util.ArrayList) values: [debt ims R/Page_Debt IMS/Page_Debt IMS/span_today, [5]]
Possible solutions: findTestObject(java.lang.String), findTestObject(java.lang.String, java.util.Map), findRequestObject(java.lang.String, java.io.File)
	at Filter My Worklist.run(Filter My Worklist:53)
	at com.kms.katalon.core.main.ScriptEngine.run(ScriptEngine.java:194)
	at com.kms.katalon.core.main.ScriptEngine.runScriptAsRawText(ScriptEngine.java:119)
	at com.kms.katalon.core.main.TestCaseExecutor.runScript(TestCaseExecutor.java:442)
	at com.kms.katalon.core.main.TestCaseExecutor.doExecute(TestCaseExecutor.java:433)
	at com.kms.katalon.core.main.TestCaseExecutor.processExecutionPhase(TestCaseExecutor.java:412)
	at com.kms.katalon.core.main.TestCaseExecutor.accessMainPhase(TestCaseExecutor.java:404)
	at com.kms.katalon.core.main.TestCaseExecutor.execute(TestCaseExecutor.java:281)
	at com.kms.katalon.core.main.TestSuiteExecutor.accessTestCaseMainPhase(TestSuiteExecutor.java:202)
	at com.kms.katalon.core.main.TestSuiteExecutor.accessTestSuiteMainPhase(TestSuiteExecutor.java:164)
	at com.kms.katalon.core.main.TestSuiteExecutor.execute(TestSuiteExecutor.java:105)
	at com.kms.katalon.core.main.TestCaseMain.startTestSuite(TestCaseMain.java:185)
	at com.kms.katalon.core.main.TestCaseMain$startTestSuite$0.call(Unknown Source)
	at TempTestSuite1659709915825.run(TempTestSuite1659709915825.groovy:36)]]></system-out>
         <system-err><![CDATA[2022-08-05 10:32:00 - [TEST_CASE][ERROR] - Test Cases/Filter My Worklist: Test Cases/Filter My Worklist FAILED.
Reason:
groovy.lang.MissingMethodException: No signature of method: static com.kms.katalon.core.testobject.ObjectRepository.findTestObject() is applicable for argument types: (java.lang.String, java.util.ArrayList) values: [debt ims R/Page_Debt IMS/Page_Debt IMS/span_today, [5]]
Possible solutions: findTestObject(java.lang.String), findTestObject(java.lang.String, java.util.Map), findRequestObject(java.lang.String, java.io.File)
	at Filter My Worklist.run(Filter My Worklist:53)
	at com.kms.katalon.core.main.ScriptEngine.run(ScriptEngine.java:194)
	at com.kms.katalon.core.main.ScriptEngine.runScriptAsRawText(ScriptEngine.java:119)
	at com.kms.katalon.core.main.TestCaseExecutor.runScript(TestCaseExecutor.java:442)
	at com.kms.katalon.core.main.TestCaseExecutor.doExecute(TestCaseExecutor.java:433)
	at com.kms.katalon.core.main.TestCaseExecutor.processExecutionPhase(TestCaseExecutor.java:412)
	at com.kms.katalon.core.main.TestCaseExecutor.accessMainPhase(TestCaseExecutor.java:404)
	at com.kms.katalon.core.main.TestCaseExecutor.execute(TestCaseExecutor.java:281)
	at com.kms.katalon.core.main.TestSuiteExecutor.accessTestCaseMainPhase(TestSuiteExecutor.java:202)
	at com.kms.katalon.core.main.TestSuiteExecutor.accessTestSuiteMainPhase(TestSuiteExecutor.java:164)
	at com.kms.katalon.core.main.TestSuiteExecutor.execute(TestSuiteExecutor.java:105)
	at com.kms.katalon.core.main.TestCaseMain.startTestSuite(TestCaseMain.java:185)
	at com.kms.katalon.core.main.TestCaseMain$startTestSuite$0.call(Unknown Source)
	at TempTestSuite1659709915825.run(TempTestSuite1659709915825.groovy:36)]]></system-err>
      </testcase>
      <system-out><![CDATA[2022-08-05 10:31:59 - [TEST_SUITE][ERROR] - My Worklist: Test Cases/Filter My Worklist FAILED.
Reason:
groovy.lang.MissingMethodException: No signature of method: static com.kms.katalon.core.testobject.ObjectRepository.findTestObject() is applicable for argument types: (java.lang.String, java.util.ArrayList) values: [debt ims R/Page_Debt IMS/Page_Debt IMS/span_today, [5]]
Possible solutions: findTestObject(java.lang.String), findTestObject(java.lang.String, java.util.Map), findRequestObject(java.lang.String, java.io.File)
	at Filter My Worklist.run(Filter My Worklist:53)
	at com.kms.katalon.core.main.ScriptEngine.run(ScriptEngine.java:194)
	at com.kms.katalon.core.main.ScriptEngine.runScriptAsRawText(ScriptEngine.java:119)
	at com.kms.katalon.core.main.TestCaseExecutor.runScript(TestCaseExecutor.java:442)
	at com.kms.katalon.core.main.TestCaseExecutor.doExecute(TestCaseExecutor.java:433)
	at com.kms.katalon.core.main.TestCaseExecutor.processExecutionPhase(TestCaseExecutor.java:412)
	at com.kms.katalon.core.main.TestCaseExecutor.accessMainPhase(TestCaseExecutor.java:404)
	at com.kms.katalon.core.main.TestCaseExecutor.execute(TestCaseExecutor.java:281)
	at com.kms.katalon.core.main.TestSuiteExecutor.accessTestCaseMainPhase(TestSuiteExecutor.java:202)
	at com.kms.katalon.core.main.TestSuiteExecutor.accessTestSuiteMainPhase(TestSuiteExecutor.java:164)
	at com.kms.katalon.core.main.TestSuiteExecutor.execute(TestSuiteExecutor.java:105)
	at com.kms.katalon.core.main.TestCaseMain.startTestSuite(TestCaseMain.java:185)
	at com.kms.katalon.core.main.TestCaseMain$startTestSuite$0.call(Unknown Source)
	at TempTestSuite1659709915825.run(TempTestSuite1659709915825.groovy:36)]]></system-out>
      <system-err><![CDATA[2022-08-05 10:31:59 - [TEST_SUITE][ERROR] - My Worklist: Test Cases/Filter My Worklist FAILED.
Reason:
groovy.lang.MissingMethodException: No signature of method: static com.kms.katalon.core.testobject.ObjectRepository.findTestObject() is applicable for argument types: (java.lang.String, java.util.ArrayList) values: [debt ims R/Page_Debt IMS/Page_Debt IMS/span_today, [5]]
Possible solutions: findTestObject(java.lang.String), findTestObject(java.lang.String, java.util.Map), findRequestObject(java.lang.String, java.io.File)
	at Filter My Worklist.run(Filter My Worklist:53)
	at com.kms.katalon.core.main.ScriptEngine.run(ScriptEngine.java:194)
	at com.kms.katalon.core.main.ScriptEngine.runScriptAsRawText(ScriptEngine.java:119)
	at com.kms.katalon.core.main.TestCaseExecutor.runScript(TestCaseExecutor.java:442)
	at com.kms.katalon.core.main.TestCaseExecutor.doExecute(TestCaseExecutor.java:433)
	at com.kms.katalon.core.main.TestCaseExecutor.processExecutionPhase(TestCaseExecutor.java:412)
	at com.kms.katalon.core.main.TestCaseExecutor.accessMainPhase(TestCaseExecutor.java:404)
	at com.kms.katalon.core.main.TestCaseExecutor.execute(TestCaseExecutor.java:281)
	at com.kms.katalon.core.main.TestSuiteExecutor.accessTestCaseMainPhase(TestSuiteExecutor.java:202)
	at com.kms.katalon.core.main.TestSuiteExecutor.accessTestSuiteMainPhase(TestSuiteExecutor.java:164)
	at com.kms.katalon.core.main.TestSuiteExecutor.execute(TestSuiteExecutor.java:105)
	at com.kms.katalon.core.main.TestCaseMain.startTestSuite(TestCaseMain.java:185)
	at com.kms.katalon.core.main.TestCaseMain$startTestSuite$0.call(Unknown Source)
	at TempTestSuite1659709915825.run(TempTestSuite1659709915825.groovy:36)]]></system-err>
   </testsuite>
</testsuites>
